<?xml version="1.0" encoding="UTF-8"?>
<!-- Generated by org.testng.reporters.JUnitXMLReporter -->
<testsuite ignored="0" hostname="DESKTOP-BHA5M4A" failures="4" tests="8" name="Test" time="0.204" errors="0" timestamp="2022-05-25T12:24:10 EDT">
  <testcase classname="SeleniumDay_11.testListeners" name="test1" time="0.019"/>
  <testcase classname="SeleniumDay_11.testListeners" name="test2" time="0.004">
    <failure type="java.lang.AssertionError">
      <![CDATA[java.lang.AssertionError
at org.junit.Assert.fail(Assert.java:87)
at org.junit.Assert.assertTrue(Assert.java:42)
at org.junit.Assert.assertTrue(Assert.java:53)
at SeleniumDay_11.testListeners.test2(testListeners.java:19)
at java.base/java.util.ArrayList.forEach(ArrayList.java:1541)
... Removed 27 stack frames]]>
    </failure>
  </testcase> <!-- test2 -->
  <testcase classname="SeleniumDay_11.testListeners" name="test3" time="0.007">
    <failure type="java.lang.AssertionError">
      <![CDATA[java.lang.AssertionError
at org.junit.Assert.fail(Assert.java:87)
at org.junit.Assert.assertTrue(Assert.java:42)
at org.junit.Assert.assertTrue(Assert.java:53)
at SeleniumDay_11.testListeners.test3(testListeners.java:25)
at java.base/java.util.ArrayList.forEach(ArrayList.java:1541)
... Removed 27 stack frames]]>
    </failure>
  </testcase> <!-- test3 -->
  <testcase classname="SeleniumDay_11.testListeners" name="test4" time="0.008"/>
  <testcase classname="SeleniumDay_10.dependentTests" name="OpenBrowser" time="0.004">
    <failure type="java.lang.AssertionError">
      <![CDATA[java.lang.AssertionError
at org.junit.Assert.fail(Assert.java:87)
at org.junit.Assert.assertTrue(Assert.java:42)
at org.junit.Assert.assertTrue(Assert.java:53)
at SeleniumDay_10.dependentTests.OpenBrowser(dependentTests.java:24)
at java.base/java.util.ArrayList.forEach(ArrayList.java:1541)
... Removed 27 stack frames]]>
    </failure>
  </testcase> <!-- OpenBrowser -->
  <testcase classname="SeleniumDay_10.dependentTests" name="OpenBrowser2" time="0.006">
    <failure type="java.lang.AssertionError">
      <![CDATA[java.lang.AssertionError
at org.junit.Assert.fail(Assert.java:87)
at org.junit.Assert.assertTrue(Assert.java:42)
at org.junit.Assert.assertTrue(Assert.java:53)
at SeleniumDay_10.dependentTests.OpenBrowser2(dependentTests.java:31)
at java.base/java.util.ArrayList.forEach(ArrayList.java:1541)
... Removed 27 stack frames]]>
    </failure>
  </testcase> <!-- OpenBrowser2 -->
  <testcase classname="SeleniumDay_10.dependentTests" name="AclickOnRSVP" time="0.0">
    <skipped/>
  </testcase> <!-- AclickOnRSVP -->
  <testcase classname="SeleniumDay_10.dependentTests" name="thirdMethod" time="0.0">
    <skipped/>
  </testcase> <!-- thirdMethod -->
</testsuite> <!-- Test -->
